<?xml version="1.0" encoding="UTF-8"?>
<!-- Generated by org.testng.reporters.JUnitXMLReporter -->
<testsuite ignored="0" hostname="DESKTOP-AC0V07V" failures="0" tests="4" name="Default test" time="16.078" errors="0" timestamp="2024-05-25T12:33:26 IST">
  <testcase classname="day1.WingifyAssignment" name="Verifylogincredentials" time="5.141"/>
  <testcase classname="day1.WingifyAssignment" name="Verifylogincredentials" time="3.115"/>
  <testcase classname="day1.WingifyAssignment" name="Verifylogincredentials" time="3.343"/>
  <testcase classname="day1.WingifyAssignment" name="Verifylogincredentials" time="4.387"/>
</testsuite> <!-- Default test -->
